INFO: 2024-09-02 11:04:12,308: Data
INFO: 2024-09-02 11:04:12,309: Data shape (110527, 97)
INFO: 2024-09-02 11:04:12,332: Percentage of women: 0.653882342398853
INFO: 2024-09-02 11:04:12,357: Percentage of men: 0.346117657601147
INFO: 2024-09-02 11:04:20,312: Data
INFO: 2024-09-02 11:04:20,312: Data
INFO: 2024-09-02 11:04:20,313: Data shape (110527, 97)
INFO: 2024-09-02 11:04:20,313: Data shape (110527, 97)
INFO: 2024-09-02 11:04:20,338: Percentage of women: 0.653882342398853
INFO: 2024-09-02 11:04:20,338: Percentage of women: 0.653882342398853
INFO: 2024-09-02 11:04:20,361: Percentage of men: 0.346117657601147
INFO: 2024-09-02 11:04:20,361: Percentage of men: 0.346117657601147
INFO: 2024-09-02 11:04:21,060: Data
INFO: 2024-09-02 11:04:21,060: Data
INFO: 2024-09-02 11:04:21,060: Data
INFO: 2024-09-02 11:04:21,062: Data shape (110527, 97)
INFO: 2024-09-02 11:04:21,062: Data shape (110527, 97)
INFO: 2024-09-02 11:04:21,062: Data shape (110527, 97)
INFO: 2024-09-02 11:04:21,086: Percentage of women: 0.653882342398853
INFO: 2024-09-02 11:04:21,086: Percentage of women: 0.653882342398853
INFO: 2024-09-02 11:04:21,086: Percentage of women: 0.653882342398853
INFO: 2024-09-02 11:04:21,106: Percentage of men: 0.346117657601147
INFO: 2024-09-02 11:04:21,106: Percentage of men: 0.346117657601147
INFO: 2024-09-02 11:04:21,106: Percentage of men: 0.346117657601147
INFO: 2024-09-02 11:04:21,669: Data
INFO: 2024-09-02 11:04:21,669: Data
INFO: 2024-09-02 11:04:21,669: Data
INFO: 2024-09-02 11:04:21,669: Data
INFO: 2024-09-02 11:04:21,670: Data shape (110527, 97)
INFO: 2024-09-02 11:04:21,670: Data shape (110527, 97)
INFO: 2024-09-02 11:04:21,670: Data shape (110527, 97)
INFO: 2024-09-02 11:04:21,670: Data shape (110527, 97)
INFO: 2024-09-02 11:04:21,694: Percentage of women: 0.653882342398853
INFO: 2024-09-02 11:04:21,694: Percentage of women: 0.653882342398853
INFO: 2024-09-02 11:04:21,694: Percentage of women: 0.653882342398853
INFO: 2024-09-02 11:04:21,694: Percentage of women: 0.653882342398853
INFO: 2024-09-02 11:04:21,753: Percentage of men: 0.346117657601147
INFO: 2024-09-02 11:04:21,753: Percentage of men: 0.346117657601147
INFO: 2024-09-02 11:04:21,753: Percentage of men: 0.346117657601147
INFO: 2024-09-02 11:04:21,753: Percentage of men: 0.346117657601147
WARNING: 2024-09-02 11:33:34,911: Retrying (Retry(total=2, connect=None, read=None, redirect=None, status=None)) after connection broken by 'NameResolutionError("<urllib3.connection.HTTPSConnection object at 0x12ad507d0>: Failed to resolve 'www.comet.com' ([Errno 8] nodename nor servname provided, or not known)")': /clientlib/isAlive/ver
WARNING: 2024-09-02 11:33:34,911: Retrying (Retry(total=2, connect=None, read=None, redirect=None, status=None)) after connection broken by 'NameResolutionError("<urllib3.connection.HTTPSConnection object at 0x12ad507d0>: Failed to resolve 'www.comet.com' ([Errno 8] nodename nor servname provided, or not known)")': /clientlib/isAlive/ver
WARNING: 2024-09-02 11:33:34,911: Retrying (Retry(total=2, connect=None, read=None, redirect=None, status=None)) after connection broken by 'NameResolutionError("<urllib3.connection.HTTPSConnection object at 0x12ad507d0>: Failed to resolve 'www.comet.com' ([Errno 8] nodename nor servname provided, or not known)")': /clientlib/isAlive/ver
WARNING: 2024-09-02 11:33:34,911: Retrying (Retry(total=2, connect=None, read=None, redirect=None, status=None)) after connection broken by 'NameResolutionError("<urllib3.connection.HTTPSConnection object at 0x12ad507d0>: Failed to resolve 'www.comet.com' ([Errno 8] nodename nor servname provided, or not known)")': /clientlib/isAlive/ver
WARNING: 2024-09-02 11:33:38,918: Retrying (Retry(total=1, connect=None, read=None, redirect=None, status=None)) after connection broken by 'NameResolutionError("<urllib3.connection.HTTPSConnection object at 0x1296f1160>: Failed to resolve 'www.comet.com' ([Errno 8] nodename nor servname provided, or not known)")': /clientlib/isAlive/ver
WARNING: 2024-09-02 11:33:38,918: Retrying (Retry(total=1, connect=None, read=None, redirect=None, status=None)) after connection broken by 'NameResolutionError("<urllib3.connection.HTTPSConnection object at 0x1296f1160>: Failed to resolve 'www.comet.com' ([Errno 8] nodename nor servname provided, or not known)")': /clientlib/isAlive/ver
WARNING: 2024-09-02 11:33:38,918: Retrying (Retry(total=1, connect=None, read=None, redirect=None, status=None)) after connection broken by 'NameResolutionError("<urllib3.connection.HTTPSConnection object at 0x1296f1160>: Failed to resolve 'www.comet.com' ([Errno 8] nodename nor servname provided, or not known)")': /clientlib/isAlive/ver
WARNING: 2024-09-02 11:33:38,918: Retrying (Retry(total=1, connect=None, read=None, redirect=None, status=None)) after connection broken by 'NameResolutionError("<urllib3.connection.HTTPSConnection object at 0x1296f1160>: Failed to resolve 'www.comet.com' ([Errno 8] nodename nor servname provided, or not known)")': /clientlib/isAlive/ver
WARNING: 2024-09-02 11:33:46,924: Retrying (Retry(total=0, connect=None, read=None, redirect=None, status=None)) after connection broken by 'NameResolutionError("<urllib3.connection.HTTPSConnection object at 0x12ad873e0>: Failed to resolve 'www.comet.com' ([Errno 8] nodename nor servname provided, or not known)")': /clientlib/isAlive/ver
WARNING: 2024-09-02 11:33:46,924: Retrying (Retry(total=0, connect=None, read=None, redirect=None, status=None)) after connection broken by 'NameResolutionError("<urllib3.connection.HTTPSConnection object at 0x12ad873e0>: Failed to resolve 'www.comet.com' ([Errno 8] nodename nor servname provided, or not known)")': /clientlib/isAlive/ver
WARNING: 2024-09-02 11:33:46,924: Retrying (Retry(total=0, connect=None, read=None, redirect=None, status=None)) after connection broken by 'NameResolutionError("<urllib3.connection.HTTPSConnection object at 0x12ad873e0>: Failed to resolve 'www.comet.com' ([Errno 8] nodename nor servname provided, or not known)")': /clientlib/isAlive/ver
WARNING: 2024-09-02 11:33:46,924: Retrying (Retry(total=0, connect=None, read=None, redirect=None, status=None)) after connection broken by 'NameResolutionError("<urllib3.connection.HTTPSConnection object at 0x12ad873e0>: Failed to resolve 'www.comet.com' ([Errno 8] nodename nor servname provided, or not known)")': /clientlib/isAlive/ver
WARNING: 2024-09-02 11:33:46,985: Retrying (Retry(total=2, connect=None, read=None, redirect=None, status=None)) after connection broken by 'NameResolutionError("<urllib3.connection.HTTPSConnection object at 0x12ae3cef0>: Failed to resolve 'www.comet.com' ([Errno 8] nodename nor servname provided, or not known)")': /clientlib/logger/add/run
WARNING: 2024-09-02 11:33:46,985: Retrying (Retry(total=2, connect=None, read=None, redirect=None, status=None)) after connection broken by 'NameResolutionError("<urllib3.connection.HTTPSConnection object at 0x12ae3cef0>: Failed to resolve 'www.comet.com' ([Errno 8] nodename nor servname provided, or not known)")': /clientlib/logger/add/run
WARNING: 2024-09-02 11:33:46,985: Retrying (Retry(total=2, connect=None, read=None, redirect=None, status=None)) after connection broken by 'NameResolutionError("<urllib3.connection.HTTPSConnection object at 0x12ae3cef0>: Failed to resolve 'www.comet.com' ([Errno 8] nodename nor servname provided, or not known)")': /clientlib/logger/add/run
WARNING: 2024-09-02 11:33:46,985: Retrying (Retry(total=2, connect=None, read=None, redirect=None, status=None)) after connection broken by 'NameResolutionError("<urllib3.connection.HTTPSConnection object at 0x12ae3cef0>: Failed to resolve 'www.comet.com' ([Errno 8] nodename nor servname provided, or not known)")': /clientlib/logger/add/run
WARNING: 2024-09-02 11:33:50,993: Retrying (Retry(total=1, connect=None, read=None, redirect=None, status=None)) after connection broken by 'NameResolutionError("<urllib3.connection.HTTPSConnection object at 0x12aa7e090>: Failed to resolve 'www.comet.com' ([Errno 8] nodename nor servname provided, or not known)")': /clientlib/logger/add/run
WARNING: 2024-09-02 11:33:50,993: Retrying (Retry(total=1, connect=None, read=None, redirect=None, status=None)) after connection broken by 'NameResolutionError("<urllib3.connection.HTTPSConnection object at 0x12aa7e090>: Failed to resolve 'www.comet.com' ([Errno 8] nodename nor servname provided, or not known)")': /clientlib/logger/add/run
WARNING: 2024-09-02 11:33:50,993: Retrying (Retry(total=1, connect=None, read=None, redirect=None, status=None)) after connection broken by 'NameResolutionError("<urllib3.connection.HTTPSConnection object at 0x12aa7e090>: Failed to resolve 'www.comet.com' ([Errno 8] nodename nor servname provided, or not known)")': /clientlib/logger/add/run
WARNING: 2024-09-02 11:33:50,993: Retrying (Retry(total=1, connect=None, read=None, redirect=None, status=None)) after connection broken by 'NameResolutionError("<urllib3.connection.HTTPSConnection object at 0x12aa7e090>: Failed to resolve 'www.comet.com' ([Errno 8] nodename nor servname provided, or not known)")': /clientlib/logger/add/run
WARNING: 2024-09-02 11:33:58,999: Retrying (Retry(total=0, connect=None, read=None, redirect=None, status=None)) after connection broken by 'NameResolutionError("<urllib3.connection.HTTPSConnection object at 0x12ad846e0>: Failed to resolve 'www.comet.com' ([Errno 8] nodename nor servname provided, or not known)")': /clientlib/logger/add/run
WARNING: 2024-09-02 11:33:58,999: Retrying (Retry(total=0, connect=None, read=None, redirect=None, status=None)) after connection broken by 'NameResolutionError("<urllib3.connection.HTTPSConnection object at 0x12ad846e0>: Failed to resolve 'www.comet.com' ([Errno 8] nodename nor servname provided, or not known)")': /clientlib/logger/add/run
WARNING: 2024-09-02 11:33:58,999: Retrying (Retry(total=0, connect=None, read=None, redirect=None, status=None)) after connection broken by 'NameResolutionError("<urllib3.connection.HTTPSConnection object at 0x12ad846e0>: Failed to resolve 'www.comet.com' ([Errno 8] nodename nor servname provided, or not known)")': /clientlib/logger/add/run
WARNING: 2024-09-02 11:33:58,999: Retrying (Retry(total=0, connect=None, read=None, redirect=None, status=None)) after connection broken by 'NameResolutionError("<urllib3.connection.HTTPSConnection object at 0x12ad846e0>: Failed to resolve 'www.comet.com' ([Errno 8] nodename nor servname provided, or not known)")': /clientlib/logger/add/run
INFO: 2024-09-02 12:08:57,070: Data
INFO: 2024-09-02 12:08:57,071: Data shape (110527, 97)
INFO: 2024-09-02 12:08:57,138: Percentage of women: 0.653882342398853
INFO: 2024-09-02 12:08:57,158: Percentage of men: 0.346117657601147
ERROR: 2024-09-02 12:08:57,165: Data shape is incorrect!
